<?xml version="1.0" encoding="UTF-8"?>
<!-- Generated by org.testng.reporters.JUnitReportReporter -->
<testsuite hostname="Himanshu-Workspace" failures="0" tests="2" name="com.opencart.testcases.Navigations" time="7.761" errors="0" timestamp="2023-06-29T06:36:37 IST" skipped="0">
  <testcase classname="com.opencart.testcases.Navigations" name="validatingOpenCartTitle" time="0.141"/>
  <system-out/>
  <testcase classname="com.opencart.testcases.Navigations" name="validatingDesktopsPageNavigation" time="7.620"/>
  <system-out/>
</testsuite> <!-- com.opencart.testcases.Navigations -->
