<?xml version="1.0" encoding="UTF-8"?>
<!-- Generated by org.testng.reporters.JUnitReportReporter -->
<testsuite hostname="Himanshu-Workspace" failures="0" tests="4" name="com.opencart.testcases.HomePageHeaderTestCases" time="2.347" errors="0" timestamp="2023-06-29T07:33:05 IST" skipped="0">
  <testcase classname="com.opencart.testcases.HomePageHeaderTestCases" name="validatingOpenCartTitle" time="0.399"/>
  <system-out/>
  <testcase classname="com.opencart.testcases.HomePageHeaderTestCases" name="slectingCurrency" time="1.004"/>
  <system-out/>
  <testcase classname="com.opencart.testcases.HomePageHeaderTestCases" name="validatingContactUsPageNavigation" time="0.485"/>
  <system-out/>
  <testcase classname="com.opencart.testcases.HomePageHeaderTestCases" name="validatingLoginUserPageNavigation" time="0.459"/>
  <system-out/>
</testsuite> <!-- com.opencart.testcases.HomePageHeaderTestCases -->
