<?xml version="1.0" encoding="UTF-8"?>
<!-- Generated by org.testng.reporters.JUnitReportReporter -->
<testsuite hostname="Himanshu-Workspace" failures="0" tests="8" name="com.opencart.testcases.HomePageNavigations" time="7.397" errors="0" timestamp="2023-06-29T07:33:05 IST" skipped="0">
  <testcase classname="com.opencart.testcases.HomePageNavigations" name="validatingDesktopsPageNavigation" time="1.017"/>
  <system-out/>
  <testcase classname="com.opencart.testcases.HomePageNavigations" name="validatingLaptopsAndNotebooksPageNavigation" time="1.001"/>
  <system-out/>
  <testcase classname="com.opencart.testcases.HomePageNavigations" name="validatingComponentsPageNavigation" time="0.756"/>
  <system-out/>
  <testcase classname="com.opencart.testcases.HomePageNavigations" name="validatingTabletsPageNavigation" time="0.687"/>
  <system-out/>
  <testcase classname="com.opencart.testcases.HomePageNavigations" name="validatingSoftwaresPageNavigation" time="1.665"/>
  <system-out/>
  <testcase classname="com.opencart.testcases.HomePageNavigations" name="validatingPhonesAndPDAsPageNavigation" time="0.617"/>
  <system-out/>
  <testcase classname="com.opencart.testcases.HomePageNavigations" name="validatingCamerasPageNavigation" time="0.624"/>
  <system-out/>
  <testcase classname="com.opencart.testcases.HomePageNavigations" name="validatingMp3PlayersPageNavigation" time="1.030"/>
  <system-out/>
</testsuite> <!-- com.opencart.testcases.HomePageNavigations -->
