<?xml version="1.0" encoding="UTF-8"?>
<!-- Generated by org.testng.reporters.JUnitReportReporter -->
<testsuite hostname="Himanshu-Workspace" failures="0" tests="19" name="com.opencart.testcases.HomePageTests" time="15.927" errors="0" timestamp="2023-06-30T07:51:40 IST" skipped="0">
  <testcase classname="com.opencart.testcases.HomePageTests" name="validatingOpenCartTitle" time="0.203"/>
  <system-out/>
  <testcase classname="com.opencart.testcases.HomePageTests" name="slectingEuroCurrency" time="1.023"/>
  <system-out/>
  <testcase classname="com.opencart.testcases.HomePageTests" name="slectingPoundCurrency" time="1.241"/>
  <system-out/>
  <testcase classname="com.opencart.testcases.HomePageTests" name="slectingDollarCurrency" time="0.914"/>
  <system-out/>
  <testcase classname="com.opencart.testcases.HomePageTests" name="validatingContactUsPageNavigation" time="0.563"/>
  <system-out/>
  <testcase classname="com.opencart.testcases.HomePageTests" name="validatingRegisterUserPageNavigation" time="0.618"/>
  <system-out/>
  <testcase classname="com.opencart.testcases.HomePageTests" name="validatingLoginUserPageNavigation" time="0.688"/>
  <system-out/>
  <testcase classname="com.opencart.testcases.HomePageTests" name="validatingWishlistPageNavigation" time="0.815"/>
  <system-out/>
  <testcase classname="com.opencart.testcases.HomePageTests" name="validatingShoppingCartPageNavigation" time="0.713"/>
  <system-out/>
  <testcase classname="com.opencart.testcases.HomePageTests" name="validatingCheckoutPageNavigation" time="0.799"/>
  <system-out/>
  <testcase classname="com.opencart.testcases.HomePageTests" name="validatingDesktopsPageNavigation" time="1.731"/>
  <system-out/>
  <testcase classname="com.opencart.testcases.HomePageTests" name="validatingLaptopsAndNotebooksPageNavigation" time="1.218"/>
  <system-out/>
  <testcase classname="com.opencart.testcases.HomePageTests" name="validatingComponentsPageNavigation" time="0.949"/>
  <system-out/>
  <testcase classname="com.opencart.testcases.HomePageTests" name="validatingTabletsPageNavigation" time="0.632"/>
  <system-out/>
  <testcase classname="com.opencart.testcases.HomePageTests" name="validatingSoftwaresPageNavigation" time="0.577"/>
  <system-out/>
  <testcase classname="com.opencart.testcases.HomePageTests" name="validatingPhonesAndPDAsPageNavigation" time="0.630"/>
  <system-out/>
  <testcase classname="com.opencart.testcases.HomePageTests" name="validatingCamerasPageNavigation" time="0.761"/>
  <system-out/>
  <testcase classname="com.opencart.testcases.HomePageTests" name="validatingMp3PlayersPageNavigation" time="1.137"/>
  <system-out/>
  <testcase classname="com.opencart.testcases.HomePageTests" name="validatingFirstFeaturedProduct" time="0.715"/>
  <system-out/>
</testsuite> <!-- com.opencart.testcases.HomePageTests -->
